生成启动时间为 2019/11/1 14:54:39。
     1>项目“C:\Users\win10\Desktop\RSA\RSA\RSA\RSA.vcxproj”在节点 2 上(Build 个目标)。
     1>ClCompile:
         C:\Program Files (x86)\Microsoft Visual Studio 11.0\VC\bin\CL.exe /c /IC:\MinGW\include /ZI /nologo /W3 /WX- /Od /Oy- /D _CRT_SECURE_NO_WARNINGS /D _MBCS /Gm /EHsc /RTC1 /MDd /GS /fp:precise /Zc:wchar_t /Zc:forScope /Fo"Debug\\" /Fd"Debug\vc110.pdb" /Gd /TP /analyze- /errorReport:prompt Generator.cpp LargeInt.cpp "源.cpp"
         源.cpp
     1>c:\mingw\include\limits.h(34): warning C4068: 未知的杂注
     1>c:\mingw\include\msvcrtver.h(35): warning C4068: 未知的杂注
     1>c:\mingw\include\w32api.h(35): warning C4068: 未知的杂注
     1>c:\mingw\include\sdkddkver.h(35): warning C4068: 未知的杂注
     1>c:\mingw\include\w32api.h(186): warning C4005: “_EXTERN_C”: 宏重定义
                 c:\program files (x86)\microsoft visual studio 11.0\vc\include\yvals.h(472) : 参见“_EXTERN_C”的前一个定义
     1>c:\mingw\include\math.h(35): warning C4068: 未知的杂注
     1>c:\mingw\include\math.h(398): error C2143: 语法错误 : 缺少“)”(在“:”的前面)
     1>c:\mingw\include\math.h(398): error C2059: 语法错误:“)”
     1>c:\mingw\include\math.h(398): error C3861: “__asm__”: 找不到标识符
     1>c:\mingw\include\math.h(425): error C2143: 语法错误 : 缺少“)”(在“:”的前面)
     1>c:\mingw\include\math.h(425): error C2059: 语法错误:“)”
     1>c:\mingw\include\math.h(424): error C3861: “__asm__”: 找不到标识符
     1>c:\mingw\include\math.h(434): error C2143: 语法错误 : 缺少“)”(在“:”的前面)
     1>c:\mingw\include\math.h(434): error C2059: 语法错误:“)”
     1>c:\mingw\include\math.h(433): error C3861: “__asm__”: 找不到标识符
     1>c:\mingw\include\math.h(443): error C2143: 语法错误 : 缺少“)”(在“:”的前面)
     1>c:\mingw\include\math.h(443): error C2059: 语法错误:“)”
     1>c:\mingw\include\math.h(442): error C3861: “__asm__”: 找不到标识符
     1>c:\mingw\include\math.h(463): error C2143: 语法错误 : 缺少“)”(在“:”的前面)
     1>c:\mingw\include\math.h(463): error C2059: 语法错误:“)”
     1>c:\mingw\include\math.h(463): error C3861: “__asm__”: 找不到标识符
     1>c:\mingw\include\math.h(469): error C2143: 语法错误 : 缺少“)”(在“:”的前面)
     1>c:\mingw\include\math.h(469): error C2059: 语法错误:“)”
     1>c:\mingw\include\math.h(469): error C3861: “__asm__”: 找不到标识符
     1>c:\mingw\include\math.h(475): error C2143: 语法错误 : 缺少“)”(在“:”的前面)
     1>c:\mingw\include\math.h(475): error C2059: 语法错误:“)”
     1>c:\mingw\include\math.h(475): error C3861: “__asm__”: 找不到标识符
     1>c:\mingw\include\math.h(621): error C2143: 语法错误 : 缺少“)”(在“:”的前面)
     1>c:\mingw\include\math.h(621): error C2059: 语法错误:“)”
     1>c:\mingw\include\math.h(620): error C3861: “__asm__”: 找不到标识符
     1>c:\mingw\include\math.h(629): error C2143: 语法错误 : 缺少“)”(在“:”的前面)
     1>c:\mingw\include\math.h(629): error C2059: 语法错误:“)”
     1>c:\mingw\include\math.h(628): error C3861: “__asm__”: 找不到标识符
     1>c:\mingw\include\math.h(637): error C2143: 语法错误 : 缺少“)”(在“:”的前面)
     1>c:\mingw\include\math.h(637): error C2059: 语法错误:“)”
     1>c:\mingw\include\math.h(636): error C3861: “__asm__”: 找不到标识符
     1>c:\mingw\include\math.h(735): error C2143: 语法错误 : 缺少“)”(在“:”的前面)
     1>c:\mingw\include\math.h(735): error C2059: 语法错误:“)”
     1>c:\mingw\include\math.h(735): error C3861: “__asm__”: 找不到标识符
     1>c:\mingw\include\math.h(742): error C2143: 语法错误 : 缺少“)”(在“:”的前面)
     1>c:\mingw\include\math.h(742): error C2059: 语法错误:“)”
     1>c:\mingw\include\math.h(742): error C3861: “__asm__”: 找不到标识符
     1>c:\mingw\include\math.h(749): error C2143: 语法错误 : 缺少“)”(在“:”的前面)
     1>c:\mingw\include\math.h(749): error C2059: 语法错误:“)”
     1>c:\mingw\include\math.h(749): error C3861: “__asm__”: 找不到标识符
     1>c:\mingw\include\math.h(757): error C2065: “__asm__”: 未声明的标识符
     1>c:\mingw\include\math.h(757): error C2146: 语法错误: 缺少“;”(在标识符“__volatile__”的前面)
     1>c:\mingw\include\math.h(757): error C2143: 语法错误 : 缺少“)”(在“:”的前面)
     1>c:\mingw\include\math.h(757): error C2059: 语法错误:“)”
     1>c:\mingw\include\math.h(757): error C3861: “__volatile__”: 找不到标识符
     1>c:\mingw\include\math.h(765): error C2065: “__asm__”: 未声明的标识符
     1>c:\mingw\include\math.h(765): error C2146: 语法错误: 缺少“;”(在标识符“__volatile__”的前面)
     1>c:\mingw\include\math.h(765): error C2143: 语法错误 : 缺少“)”(在“:”的前面)
     1>c:\mingw\include\math.h(765): error C2059: 语法错误:“)”
     1>c:\mingw\include\math.h(765): error C3861: “__volatile__”: 找不到标识符
     1>c:\mingw\include\math.h(773): error C2065: “__asm__”: 未声明的标识符
     1>c:\mingw\include\math.h(773): error C2146: 语法错误: 缺少“;”(在标识符“__volatile__”的前面)
     1>c:\mingw\include\math.h(773): error C2143: 语法错误 : 缺少“)”(在“:”的前面)
     1>c:\mingw\include\math.h(773): error C2059: 语法错误:“)”
     1>c:\mingw\include\math.h(773): error C3861: “__volatile__”: 找不到标识符
     1>c:\mingw\include\math.h(781): error C2065: “__asm__”: 未声明的标识符
     1>c:\mingw\include\math.h(781): error C2146: 语法错误: 缺少“;”(在标识符“__volatile__”的前面)
     1>c:\mingw\include\math.h(781): error C2143: 语法错误 : 缺少“)”(在“:”的前面)
     1>c:\mingw\include\math.h(781): error C2059: 语法错误:“)”
     1>c:\mingw\include\math.h(781): error C3861: “__volatile__”: 找不到标识符
     1>c:\mingw\include\math.h(789): error C2065: “__asm__”: 未声明的标识符
     1>c:\mingw\include\math.h(789): error C2146: 语法错误: 缺少“;”(在标识符“__volatile__”的前面)
     1>c:\mingw\include\math.h(789): error C2143: 语法错误 : 缺少“)”(在“:”的前面)
     1>c:\mingw\include\math.h(789): error C2059: 语法错误:“)”
     1>c:\mingw\include\math.h(789): error C3861: “__volatile__”: 找不到标识符
     1>c:\mingw\include\math.h(797): error C2065: “__asm__”: 未声明的标识符
     1>c:\mingw\include\math.h(797): error C2146: 语法错误: 缺少“;”(在标识符“__volatile__”的前面)
     1>c:\mingw\include\math.h(797): error C2143: 语法错误 : 缺少“)”(在“:”的前面)
     1>c:\mingw\include\math.h(797): error C2059: 语法错误:“)”
     1>c:\mingw\include\math.h(797): error C3861: “__volatile__”: 找不到标识符
     1>c:\mingw\include\math.h(916): error C2143: 语法错误 : 缺少“)”(在“:”的前面)
     1>c:\mingw\include\math.h(916): error C2059: 语法错误:“)”
     1>c:\mingw\include\math.h(915): error C3861: “__asm__”: 找不到标识符
     1>c:\program files (x86)\microsoft visual studio 11.0\vc\include\xtgmath.h(70): warning C4273: “pow”: dll 链接不一致
                 c:\mingw\include\math.h(173) : 参见“pow”的前一个定义
     1>c:\program files (x86)\microsoft visual studio 11.0\vc\include\xtgmath.h(86): warning C4273: “acos”: dll 链接不一致
                 c:\mingw\include\math.h(167) : 参见“acos”的前一个定义
     1>c:\program files (x86)\microsoft visual studio 11.0\vc\include\xtgmath.h(87): warning C4273: “asin”: dll 链接不一致
                 c:\mingw\include\math.h(166) : 参见“asin”的前一个定义
     1>c:\program files (x86)\microsoft visual studio 11.0\vc\include\xtgmath.h(88): warning C4273: “atan”: dll 链接不一致
                 c:\mingw\include\math.h(168) : 参见“atan”的前一个定义
     1>c:\program files (x86)\microsoft visual studio 11.0\vc\include\xtgmath.h(89): warning C4273: “atan2”: dll 链接不一致
                 c:\mingw\include\math.h(169) : 参见“atan2”的前一个定义
     1>c:\program files (x86)\microsoft visual studio 11.0\vc\include\xtgmath.h(91): warning C4273: “cos”: dll 链接不一致
                 c:\mingw\include\math.h(161) : 参见“cos”的前一个定义
     1>c:\program files (x86)\microsoft visual studio 11.0\vc\include\xtgmath.h(92): warning C4273: “cosh”: dll 链接不一致
                 c:\mingw\include\math.h(164) : 参见“cosh”的前一个定义
     1>c:\program files (x86)\microsoft visual studio 11.0\vc\include\xtgmath.h(93): warning C4273: “exp”: dll 链接不一致
                 c:\mingw\include\math.h(170) : 参见“exp”的前一个定义
     1>c:\program files (x86)\microsoft visual studio 11.0\vc\include\xtgmath.h(96): warning C4273: “fmod”: dll 链接不一致
                 c:\mingw\include\math.h(181) : 参见“fmod”的前一个定义
     1>c:\program files (x86)\microsoft visual studio 11.0\vc\include\xtgmath.h(99): warning C4273: “log”: dll 链接不一致
                 c:\mingw\include\math.h(171) : 参见“log”的前一个定义
     1>c:\program files (x86)\microsoft visual studio 11.0\vc\include\xtgmath.h(100): warning C4273: “log10”: dll 链接不一致
                 c:\mingw\include\math.h(172) : 参见“log10”的前一个定义
     1>c:\program files (x86)\microsoft visual studio 11.0\vc\include\xtgmath.h(103): warning C4273: “sin”: dll 链接不一致
                 c:\mingw\include\math.h(160) : 参见“sin”的前一个定义
     1>c:\program files (x86)\microsoft visual studio 11.0\vc\include\xtgmath.h(104): warning C4273: “sinh”: dll 链接不一致
                 c:\mingw\include\math.h(163) : 参见“sinh”的前一个定义
     1>c:\program files (x86)\microsoft visual studio 11.0\vc\include\xtgmath.h(105): warning C4273: “sqrt”: dll 链接不一致
                 c:\mingw\include\math.h(174) : 参见“sqrt”的前一个定义
     1>c:\program files (x86)\microsoft visual studio 11.0\vc\include\xtgmath.h(106): warning C4273: “tan”: dll 链接不一致
                 c:\mingw\include\math.h(162) : 参见“tan”的前一个定义
     1>c:\program files (x86)\microsoft visual studio 11.0\vc\include\xtgmath.h(107): warning C4273: “tanh”: dll 链接不一致
                 c:\mingw\include\math.h(165) : 参见“tanh”的前一个定义
     1>c:\program files (x86)\microsoft visual studio 11.0\vc\include\cmath(46): error C2039: “abs”: 不是“`global namespace'”的成员
     1>c:\program files (x86)\microsoft visual studio 11.0\vc\include\cmath(46): error C2873: “abs”: 符号不能用在 using 声明中
     1>c:\mingw\include\stdio.h(38): warning C4068: 未知的杂注
     1>c:\mingw\include\sys\types.h(34): warning C4068: 未知的杂注
     1>c:\mingw\include\stdio.h(260): error C2143: 语法错误 : 缺少“;”(在“*”的前面)
     1>c:\mingw\include\stdio.h(260): warning C4229: 使用了记时错误: 忽略数据上的修饰符
     1>c:\mingw\include\stdio.h(260): error C4430: 缺少类型说明符 - 假定为 int。注意: C++ 不支持默认 int
     1>c:\mingw\include\stdio.h(260): error C2377: “FILE”: 重定义；typedef 不能由任何其他符号重载
                 c:\mingw\include\stdio.h(220) : 参见“FILE”的声明
     1>c:\mingw\include\stdio.h(261): error C2143: 语法错误 : 缺少“;”(在“*”的前面)
     1>c:\mingw\include\stdio.h(261): warning C4229: 使用了记时错误: 忽略数据上的修饰符
     1>c:\mingw\include\stdio.h(261): error C4430: 缺少类型说明符 - 假定为 int。注意: C++ 不支持默认 int
     1>c:\mingw\include\stdio.h(261): error C2061: 语法错误: 标识符“FILE”
     1>c:\mingw\include\stdio.h(262): error C2062: 意外的类型“int”
     1>c:\mingw\include\stdio.h(263): error C2062: 意外的类型“int”
     1>c:\mingw\include\stdio.h(270): error C2062: 意外的类型“int”
     1>c:\mingw\include\stdio.h(271): error C2062: 意外的类型“int”
     1>c:\mingw\include\stdio.h(272): error C2143: 语法错误 : 缺少“;”(在“*”的前面)
     1>c:\mingw\include\stdio.h(272): warning C4229: 使用了记时错误: 忽略数据上的修饰符
     1>c:\mingw\include\stdio.h(272): error C4430: 缺少类型说明符 - 假定为 int。注意: C++ 不支持默认 int
     1>c:\mingw\include\stdio.h(273): error C2062: 意外的类型“char”
     1>c:\mingw\include\stdio.h(276): error C2062: 意外的类型“char”
     1>c:\mingw\include\stdio.h(277): error C2062: 意外的类型“int”
     1>c:\mingw\include\stdio.h(278): error C2062: 意外的类型“int”
     1>c:\mingw\include\stdio.h(289): error C2062: 意外的类型“char”
     1>c:\mingw\include\stdio.h(290): error C2062: 意外的类型“int”
     1>c:\mingw\include\stdio.h(291): error C2062: 意外的类型“int”
     1>c:\mingw\include\stdio.h(295): error C2062: 意外的类型“int”
     1>c:\mingw\include\stdio.h(296): error C2062: 意外的类型“void”
     1>c:\mingw\include\stdio.h(342): error C2059: 语法错误:“,”
     1>c:\mingw\include\stdio.h(346): error C2059: 语法错误:“,”
     1>c:\mingw\include\stdio.h(453): error C2062: 意外的类型“int”
     1>c:\mingw\include\stdio.h(454): error C2062: 意外的类型“int”
     1>c:\mingw\include\stdio.h(455): error C2062: 意外的类型“int”
     1>c:\mingw\include\stdio.h(456): error C2062: 意外的类型“int”
     1>c:\mingw\include\stdio.h(457): error C2062: 意外的类型“int”
     1>c:\mingw\include\stdio.h(458): error C2062: 意外的类型“int”
     1>c:\mingw\include\stdio.h(478): error C2059: 语法错误:“,”
     1>c:\mingw\include\stdio.h(478): fatal error C1003: 错误计数超过 100；正在停止编译
         LargeInt.cpp
     1>c:\mingw\include\limits.h(34): warning C4068: 未知的杂注
     1>c:\mingw\include\msvcrtver.h(35): warning C4068: 未知的杂注
     1>c:\mingw\include\w32api.h(35): warning C4068: 未知的杂注
     1>c:\mingw\include\sdkddkver.h(35): warning C4068: 未知的杂注
     1>c:\mingw\include\w32api.h(186): warning C4005: “_EXTERN_C”: 宏重定义
                 c:\program files (x86)\microsoft visual studio 11.0\vc\include\yvals.h(472) : 参见“_EXTERN_C”的前一个定义
     1>c:\mingw\include\math.h(35): warning C4068: 未知的杂注
     1>c:\mingw\include\math.h(398): error C2143: 语法错误 : 缺少“)”(在“:”的前面)
     1>c:\mingw\include\math.h(398): error C2059: 语法错误:“)”
     1>c:\mingw\include\math.h(398): error C3861: “__asm__”: 找不到标识符
     1>c:\mingw\include\math.h(425): error C2143: 语法错误 : 缺少“)”(在“:”的前面)
     1>c:\mingw\include\math.h(425): error C2059: 语法错误:“)”
     1>c:\mingw\include\math.h(424): error C3861: “__asm__”: 找不到标识符
     1>c:\mingw\include\math.h(434): error C2143: 语法错误 : 缺少“)”(在“:”的前面)
     1>c:\mingw\include\math.h(434): error C2059: 语法错误:“)”
     1>c:\mingw\include\math.h(433): error C3861: “__asm__”: 找不到标识符
     1>c:\mingw\include\math.h(443): error C2143: 语法错误 : 缺少“)”(在“:”的前面)
     1>c:\mingw\include\math.h(443): error C2059: 语法错误:“)”
     1>c:\mingw\include\math.h(442): error C3861: “__asm__”: 找不到标识符
     1>c:\mingw\include\math.h(463): error C2143: 语法错误 : 缺少“)”(在“:”的前面)
     1>c:\mingw\include\math.h(463): error C2059: 语法错误:“)”
     1>c:\mingw\include\math.h(463): error C3861: “__asm__”: 找不到标识符
     1>c:\mingw\include\math.h(469): error C2143: 语法错误 : 缺少“)”(在“:”的前面)
     1>c:\mingw\include\math.h(469): error C2059: 语法错误:“)”
     1>c:\mingw\include\math.h(469): error C3861: “__asm__”: 找不到标识符
     1>c:\mingw\include\math.h(475): error C2143: 语法错误 : 缺少“)”(在“:”的前面)
     1>c:\mingw\include\math.h(475): error C2059: 语法错误:“)”
     1>c:\mingw\include\math.h(475): error C3861: “__asm__”: 找不到标识符
     1>c:\mingw\include\math.h(621): error C2143: 语法错误 : 缺少“)”(在“:”的前面)
     1>c:\mingw\include\math.h(621): error C2059: 语法错误:“)”
     1>c:\mingw\include\math.h(620): error C3861: “__asm__”: 找不到标识符
     1>c:\mingw\include\math.h(629): error C2143: 语法错误 : 缺少“)”(在“:”的前面)
     1>c:\mingw\include\math.h(629): error C2059: 语法错误:“)”
     1>c:\mingw\include\math.h(628): error C3861: “__asm__”: 找不到标识符
     1>c:\mingw\include\math.h(637): error C2143: 语法错误 : 缺少“)”(在“:”的前面)
     1>c:\mingw\include\math.h(637): error C2059: 语法错误:“)”
     1>c:\mingw\include\math.h(636): error C3861: “__asm__”: 找不到标识符
     1>c:\mingw\include\math.h(735): error C2143: 语法错误 : 缺少“)”(在“:”的前面)
     1>c:\mingw\include\math.h(735): error C2059: 语法错误:“)”
     1>c:\mingw\include\math.h(735): error C3861: “__asm__”: 找不到标识符
     1>c:\mingw\include\math.h(742): error C2143: 语法错误 : 缺少“)”(在“:”的前面)
     1>c:\mingw\include\math.h(742): error C2059: 语法错误:“)”
     1>c:\mingw\include\math.h(742): error C3861: “__asm__”: 找不到标识符
     1>c:\mingw\include\math.h(749): error C2143: 语法错误 : 缺少“)”(在“:”的前面)
     1>c:\mingw\include\math.h(749): error C2059: 语法错误:“)”
     1>c:\mingw\include\math.h(749): error C3861: “__asm__”: 找不到标识符
     1>c:\mingw\include\math.h(757): error C2065: “__asm__”: 未声明的标识符
     1>c:\mingw\include\math.h(757): error C2146: 语法错误: 缺少“;”(在标识符“__volatile__”的前面)
     1>c:\mingw\include\math.h(757): error C2143: 语法错误 : 缺少“)”(在“:”的前面)
     1>c:\mingw\include\math.h(757): error C2059: 语法错误:“)”
     1>c:\mingw\include\math.h(757): error C3861: “__volatile__”: 找不到标识符
     1>c:\mingw\include\math.h(765): error C2065: “__asm__”: 未声明的标识符
     1>c:\mingw\include\math.h(765): error C2146: 语法错误: 缺少“;”(在标识符“__volatile__”的前面)
     1>c:\mingw\include\math.h(765): error C2143: 语法错误 : 缺少“)”(在“:”的前面)
     1>c:\mingw\include\math.h(765): error C2059: 语法错误:“)”
     1>c:\mingw\include\math.h(765): error C3861: “__volatile__”: 找不到标识符
     1>c:\mingw\include\math.h(773): error C2065: “__asm__”: 未声明的标识符
     1>c:\mingw\include\math.h(773): error C2146: 语法错误: 缺少“;”(在标识符“__volatile__”的前面)
     1>c:\mingw\include\math.h(773): error C2143: 语法错误 : 缺少“)”(在“:”的前面)
     1>c:\mingw\include\math.h(773): error C2059: 语法错误:“)”
     1>c:\mingw\include\math.h(773): error C3861: “__volatile__”: 找不到标识符
     1>c:\mingw\include\math.h(781): error C2065: “__asm__”: 未声明的标识符
     1>c:\mingw\include\math.h(781): error C2146: 语法错误: 缺少“;”(在标识符“__volatile__”的前面)
     1>c:\mingw\include\math.h(781): error C2143: 语法错误 : 缺少“)”(在“:”的前面)
     1>c:\mingw\include\math.h(781): error C2059: 语法错误:“)”
     1>c:\mingw\include\math.h(781): error C3861: “__volatile__”: 找不到标识符
     1>c:\mingw\include\math.h(789): error C2065: “__asm__”: 未声明的标识符
     1>c:\mingw\include\math.h(789): error C2146: 语法错误: 缺少“;”(在标识符“__volatile__”的前面)
     1>c:\mingw\include\math.h(789): error C2143: 语法错误 : 缺少“)”(在“:”的前面)
     1>c:\mingw\include\math.h(789): error C2059: 语法错误:“)”
     1>c:\mingw\include\math.h(789): error C3861: “__volatile__”: 找不到标识符
     1>c:\mingw\include\math.h(797): error C2065: “__asm__”: 未声明的标识符
     1>c:\mingw\include\math.h(797): error C2146: 语法错误: 缺少“;”(在标识符“__volatile__”的前面)
     1>c:\mingw\include\math.h(797): error C2143: 语法错误 : 缺少“)”(在“:”的前面)
     1>c:\mingw\include\math.h(797): error C2059: 语法错误:“)”
     1>c:\mingw\include\math.h(797): error C3861: “__volatile__”: 找不到标识符
     1>c:\mingw\include\math.h(916): error C2143: 语法错误 : 缺少“)”(在“:”的前面)
     1>c:\mingw\include\math.h(916): error C2059: 语法错误:“)”
     1>c:\mingw\include\math.h(915): error C3861: “__asm__”: 找不到标识符
     1>c:\program files (x86)\microsoft visual studio 11.0\vc\include\xtgmath.h(70): warning C4273: “pow”: dll 链接不一致
                 c:\mingw\include\math.h(173) : 参见“pow”的前一个定义
     1>c:\program files (x86)\microsoft visual studio 11.0\vc\include\xtgmath.h(86): warning C4273: “acos”: dll 链接不一致
                 c:\mingw\include\math.h(167) : 参见“acos”的前一个定义
     1>c:\program files (x86)\microsoft visual studio 11.0\vc\include\xtgmath.h(87): warning C4273: “asin”: dll 链接不一致
                 c:\mingw\include\math.h(166) : 参见“asin”的前一个定义
     1>c:\program files (x86)\microsoft visual studio 11.0\vc\include\xtgmath.h(88): warning C4273: “atan”: dll 链接不一致
                 c:\mingw\include\math.h(168) : 参见“atan”的前一个定义
     1>c:\program files (x86)\microsoft visual studio 11.0\vc\include\xtgmath.h(89): warning C4273: “atan2”: dll 链接不一致
                 c:\mingw\include\math.h(169) : 参见“atan2”的前一个定义
     1>c:\program files (x86)\microsoft visual studio 11.0\vc\include\xtgmath.h(91): warning C4273: “cos”: dll 链接不一致
                 c:\mingw\include\math.h(161) : 参见“cos”的前一个定义
     1>c:\program files (x86)\microsoft visual studio 11.0\vc\include\xtgmath.h(92): warning C4273: “cosh”: dll 链接不一致
                 c:\mingw\include\math.h(164) : 参见“cosh”的前一个定义
     1>c:\program files (x86)\microsoft visual studio 11.0\vc\include\xtgmath.h(93): warning C4273: “exp”: dll 链接不一致
                 c:\mingw\include\math.h(170) : 参见“exp”的前一个定义
     1>c:\program files (x86)\microsoft visual studio 11.0\vc\include\xtgmath.h(96): warning C4273: “fmod”: dll 链接不一致
                 c:\mingw\include\math.h(181) : 参见“fmod”的前一个定义
     1>c:\program files (x86)\microsoft visual studio 11.0\vc\include\xtgmath.h(99): warning C4273: “log”: dll 链接不一致
                 c:\mingw\include\math.h(171) : 参见“log”的前一个定义
     1>c:\program files (x86)\microsoft visual studio 11.0\vc\include\xtgmath.h(100): warning C4273: “log10”: dll 链接不一致
                 c:\mingw\include\math.h(172) : 参见“log10”的前一个定义
     1>c:\program files (x86)\microsoft visual studio 11.0\vc\include\xtgmath.h(103): warning C4273: “sin”: dll 链接不一致
                 c:\mingw\include\math.h(160) : 参见“sin”的前一个定义
     1>c:\program files (x86)\microsoft visual studio 11.0\vc\include\xtgmath.h(104): warning C4273: “sinh”: dll 链接不一致
                 c:\mingw\include\math.h(163) : 参见“sinh”的前一个定义
     1>c:\program files (x86)\microsoft visual studio 11.0\vc\include\xtgmath.h(105): warning C4273: “sqrt”: dll 链接不一致
                 c:\mingw\include\math.h(174) : 参见“sqrt”的前一个定义
     1>c:\program files (x86)\microsoft visual studio 11.0\vc\include\xtgmath.h(106): warning C4273: “tan”: dll 链接不一致
                 c:\mingw\include\math.h(162) : 参见“tan”的前一个定义
     1>c:\program files (x86)\microsoft visual studio 11.0\vc\include\xtgmath.h(107): warning C4273: “tanh”: dll 链接不一致
                 c:\mingw\include\math.h(165) : 参见“tanh”的前一个定义
     1>c:\program files (x86)\microsoft visual studio 11.0\vc\include\cmath(46): error C2039: “abs”: 不是“`global namespace'”的成员
     1>c:\program files (x86)\microsoft visual studio 11.0\vc\include\cmath(46): error C2873: “abs”: 符号不能用在 using 声明中
     1>c:\mingw\include\stdio.h(38): warning C4068: 未知的杂注
     1>c:\mingw\include\sys\types.h(34): warning C4068: 未知的杂注
     1>c:\mingw\include\stdio.h(260): error C2143: 语法错误 : 缺少“;”(在“*”的前面)
     1>c:\mingw\include\stdio.h(260): warning C4229: 使用了记时错误: 忽略数据上的修饰符
     1>c:\mingw\include\stdio.h(260): error C4430: 缺少类型说明符 - 假定为 int。注意: C++ 不支持默认 int
     1>c:\mingw\include\stdio.h(260): error C2377: “FILE”: 重定义；typedef 不能由任何其他符号重载
                 c:\mingw\include\stdio.h(220) : 参见“FILE”的声明
     1>c:\mingw\include\stdio.h(261): error C2143: 语法错误 : 缺少“;”(在“*”的前面)
     1>c:\mingw\include\stdio.h(261): warning C4229: 使用了记时错误: 忽略数据上的修饰符
     1>c:\mingw\include\stdio.h(261): error C4430: 缺少类型说明符 - 假定为 int。注意: C++ 不支持默认 int
     1>c:\mingw\include\stdio.h(261): error C2061: 语法错误: 标识符“FILE”
     1>c:\mingw\include\stdio.h(262): error C2062: 意外的类型“int”
     1>c:\mingw\include\stdio.h(263): error C2062: 意外的类型“int”
     1>c:\mingw\include\stdio.h(270): error C2062: 意外的类型“int”
     1>c:\mingw\include\stdio.h(271): error C2062: 意外的类型“int”
     1>c:\mingw\include\stdio.h(272): error C2143: 语法错误 : 缺少“;”(在“*”的前面)
     1>c:\mingw\include\stdio.h(272): warning C4229: 使用了记时错误: 忽略数据上的修饰符
     1>c:\mingw\include\stdio.h(272): error C4430: 缺少类型说明符 - 假定为 int。注意: C++ 不支持默认 int
     1>c:\mingw\include\stdio.h(273): error C2062: 意外的类型“char”
     1>c:\mingw\include\stdio.h(276): error C2062: 意外的类型“char”
     1>c:\mingw\include\stdio.h(277): error C2062: 意外的类型“int”
     1>c:\mingw\include\stdio.h(278): error C2062: 意外的类型“int”
     1>c:\mingw\include\stdio.h(289): error C2062: 意外的类型“char”
     1>c:\mingw\include\stdio.h(290): error C2062: 意外的类型“int”
     1>c:\mingw\include\stdio.h(291): error C2062: 意外的类型“int”
     1>c:\mingw\include\stdio.h(295): error C2062: 意外的类型“int”
     1>c:\mingw\include\stdio.h(296): error C2062: 意外的类型“void”
     1>c:\mingw\include\stdio.h(342): error C2059: 语法错误:“,”
     1>c:\mingw\include\stdio.h(346): error C2059: 语法错误:“,”
     1>c:\mingw\include\stdio.h(453): error C2062: 意外的类型“int”
     1>c:\mingw\include\stdio.h(454): error C2062: 意外的类型“int”
     1>c:\mingw\include\stdio.h(455): error C2062: 意外的类型“int”
     1>c:\mingw\include\stdio.h(456): error C2062: 意外的类型“int”
     1>c:\mingw\include\stdio.h(457): error C2062: 意外的类型“int”
     1>c:\mingw\include\stdio.h(458): error C2062: 意外的类型“int”
     1>c:\mingw\include\stdio.h(478): error C2059: 语法错误:“,”
     1>c:\mingw\include\stdio.h(478): fatal error C1003: 错误计数超过 100；正在停止编译
         Generator.cpp
     1>c:\mingw\include\limits.h(34): warning C4068: 未知的杂注
     1>c:\mingw\include\msvcrtver.h(35): warning C4068: 未知的杂注
     1>c:\mingw\include\w32api.h(35): warning C4068: 未知的杂注
     1>c:\mingw\include\sdkddkver.h(35): warning C4068: 未知的杂注
     1>c:\mingw\include\w32api.h(186): warning C4005: “_EXTERN_C”: 宏重定义
                 c:\program files (x86)\microsoft visual studio 11.0\vc\include\yvals.h(472) : 参见“_EXTERN_C”的前一个定义
     1>c:\mingw\include\math.h(35): warning C4068: 未知的杂注
     1>c:\mingw\include\math.h(398): error C2143: 语法错误 : 缺少“)”(在“:”的前面)
     1>c:\mingw\include\math.h(398): error C2059: 语法错误:“)”
     1>c:\mingw\include\math.h(398): error C3861: “__asm__”: 找不到标识符
     1>c:\mingw\include\math.h(425): error C2143: 语法错误 : 缺少“)”(在“:”的前面)
     1>c:\mingw\include\math.h(425): error C2059: 语法错误:“)”
     1>c:\mingw\include\math.h(424): error C3861: “__asm__”: 找不到标识符
     1>c:\mingw\include\math.h(434): error C2143: 语法错误 : 缺少“)”(在“:”的前面)
     1>c:\mingw\include\math.h(434): error C2059: 语法错误:“)”
     1>c:\mingw\include\math.h(433): error C3861: “__asm__”: 找不到标识符
     1>c:\mingw\include\math.h(443): error C2143: 语法错误 : 缺少“)”(在“:”的前面)
     1>c:\mingw\include\math.h(443): error C2059: 语法错误:“)”
     1>c:\mingw\include\math.h(442): error C3861: “__asm__”: 找不到标识符
     1>c:\mingw\include\math.h(463): error C2143: 语法错误 : 缺少“)”(在“:”的前面)
     1>c:\mingw\include\math.h(463): error C2059: 语法错误:“)”
     1>c:\mingw\include\math.h(463): error C3861: “__asm__”: 找不到标识符
     1>c:\mingw\include\math.h(469): error C2143: 语法错误 : 缺少“)”(在“:”的前面)
     1>c:\mingw\include\math.h(469): error C2059: 语法错误:“)”
     1>c:\mingw\include\math.h(469): error C3861: “__asm__”: 找不到标识符
     1>c:\mingw\include\math.h(475): error C2143: 语法错误 : 缺少“)”(在“:”的前面)
     1>c:\mingw\include\math.h(475): error C2059: 语法错误:“)”
     1>c:\mingw\include\math.h(475): error C3861: “__asm__”: 找不到标识符
     1>c:\mingw\include\math.h(621): error C2143: 语法错误 : 缺少“)”(在“:”的前面)
     1>c:\mingw\include\math.h(621): error C2059: 语法错误:“)”
     1>c:\mingw\include\math.h(620): error C3861: “__asm__”: 找不到标识符
     1>c:\mingw\include\math.h(629): error C2143: 语法错误 : 缺少“)”(在“:”的前面)
     1>c:\mingw\include\math.h(629): error C2059: 语法错误:“)”
     1>c:\mingw\include\math.h(628): error C3861: “__asm__”: 找不到标识符
     1>c:\mingw\include\math.h(637): error C2143: 语法错误 : 缺少“)”(在“:”的前面)
     1>c:\mingw\include\math.h(637): error C2059: 语法错误:“)”
     1>c:\mingw\include\math.h(636): error C3861: “__asm__”: 找不到标识符
     1>c:\mingw\include\math.h(735): error C2143: 语法错误 : 缺少“)”(在“:”的前面)
     1>c:\mingw\include\math.h(735): error C2059: 语法错误:“)”
     1>c:\mingw\include\math.h(735): error C3861: “__asm__”: 找不到标识符
     1>c:\mingw\include\math.h(742): error C2143: 语法错误 : 缺少“)”(在“:”的前面)
     1>c:\mingw\include\math.h(742): error C2059: 语法错误:“)”
     1>c:\mingw\include\math.h(742): error C3861: “__asm__”: 找不到标识符
     1>c:\mingw\include\math.h(749): error C2143: 语法错误 : 缺少“)”(在“:”的前面)
     1>c:\mingw\include\math.h(749): error C2059: 语法错误:“)”
     1>c:\mingw\include\math.h(749): error C3861: “__asm__”: 找不到标识符
     1>c:\mingw\include\math.h(757): error C2065: “__asm__”: 未声明的标识符
     1>c:\mingw\include\math.h(757): error C2146: 语法错误: 缺少“;”(在标识符“__volatile__”的前面)
     1>c:\mingw\include\math.h(757): error C2143: 语法错误 : 缺少“)”(在“:”的前面)
     1>c:\mingw\include\math.h(757): error C2059: 语法错误:“)”
     1>c:\mingw\include\math.h(757): error C3861: “__volatile__”: 找不到标识符
     1>c:\mingw\include\math.h(765): error C2065: “__asm__”: 未声明的标识符
     1>c:\mingw\include\math.h(765): error C2146: 语法错误: 缺少“;”(在标识符“__volatile__”的前面)
     1>c:\mingw\include\math.h(765): error C2143: 语法错误 : 缺少“)”(在“:”的前面)
     1>c:\mingw\include\math.h(765): error C2059: 语法错误:“)”
     1>c:\mingw\include\math.h(765): error C3861: “__volatile__”: 找不到标识符
     1>c:\mingw\include\math.h(773): error C2065: “__asm__”: 未声明的标识符
     1>c:\mingw\include\math.h(773): error C2146: 语法错误: 缺少“;”(在标识符“__volatile__”的前面)
     1>c:\mingw\include\math.h(773): error C2143: 语法错误 : 缺少“)”(在“:”的前面)
     1>c:\mingw\include\math.h(773): error C2059: 语法错误:“)”
     1>c:\mingw\include\math.h(773): error C3861: “__volatile__”: 找不到标识符
     1>c:\mingw\include\math.h(781): error C2065: “__asm__”: 未声明的标识符
     1>c:\mingw\include\math.h(781): error C2146: 语法错误: 缺少“;”(在标识符“__volatile__”的前面)
     1>c:\mingw\include\math.h(781): error C2143: 语法错误 : 缺少“)”(在“:”的前面)
     1>c:\mingw\include\math.h(781): error C2059: 语法错误:“)”
     1>c:\mingw\include\math.h(781): error C3861: “__volatile__”: 找不到标识符
     1>c:\mingw\include\math.h(789): error C2065: “__asm__”: 未声明的标识符
     1>c:\mingw\include\math.h(789): error C2146: 语法错误: 缺少“;”(在标识符“__volatile__”的前面)
     1>c:\mingw\include\math.h(789): error C2143: 语法错误 : 缺少“)”(在“:”的前面)
     1>c:\mingw\include\math.h(789): error C2059: 语法错误:“)”
     1>c:\mingw\include\math.h(789): error C3861: “__volatile__”: 找不到标识符
     1>c:\mingw\include\math.h(797): error C2065: “__asm__”: 未声明的标识符
     1>c:\mingw\include\math.h(797): error C2146: 语法错误: 缺少“;”(在标识符“__volatile__”的前面)
     1>c:\mingw\include\math.h(797): error C2143: 语法错误 : 缺少“)”(在“:”的前面)
     1>c:\mingw\include\math.h(797): error C2059: 语法错误:“)”
     1>c:\mingw\include\math.h(797): error C3861: “__volatile__”: 找不到标识符
     1>c:\mingw\include\math.h(916): error C2143: 语法错误 : 缺少“)”(在“:”的前面)
     1>c:\mingw\include\math.h(916): error C2059: 语法错误:“)”
     1>c:\mingw\include\math.h(915): error C3861: “__asm__”: 找不到标识符
     1>c:\program files (x86)\microsoft visual studio 11.0\vc\include\xtgmath.h(70): warning C4273: “pow”: dll 链接不一致
                 c:\mingw\include\math.h(173) : 参见“pow”的前一个定义
     1>c:\program files (x86)\microsoft visual studio 11.0\vc\include\xtgmath.h(86): warning C4273: “acos”: dll 链接不一致
                 c:\mingw\include\math.h(167) : 参见“acos”的前一个定义
     1>c:\program files (x86)\microsoft visual studio 11.0\vc\include\xtgmath.h(87): warning C4273: “asin”: dll 链接不一致
                 c:\mingw\include\math.h(166) : 参见“asin”的前一个定义
     1>c:\program files (x86)\microsoft visual studio 11.0\vc\include\xtgmath.h(88): warning C4273: “atan”: dll 链接不一致
                 c:\mingw\include\math.h(168) : 参见“atan”的前一个定义
     1>c:\program files (x86)\microsoft visual studio 11.0\vc\include\xtgmath.h(89): warning C4273: “atan2”: dll 链接不一致
                 c:\mingw\include\math.h(169) : 参见“atan2”的前一个定义
     1>c:\program files (x86)\microsoft visual studio 11.0\vc\include\xtgmath.h(91): warning C4273: “cos”: dll 链接不一致
                 c:\mingw\include\math.h(161) : 参见“cos”的前一个定义
     1>c:\program files (x86)\microsoft visual studio 11.0\vc\include\xtgmath.h(92): warning C4273: “cosh”: dll 链接不一致
                 c:\mingw\include\math.h(164) : 参见“cosh”的前一个定义
     1>c:\program files (x86)\microsoft visual studio 11.0\vc\include\xtgmath.h(93): warning C4273: “exp”: dll 链接不一致
                 c:\mingw\include\math.h(170) : 参见“exp”的前一个定义
     1>c:\program files (x86)\microsoft visual studio 11.0\vc\include\xtgmath.h(96): warning C4273: “fmod”: dll 链接不一致
                 c:\mingw\include\math.h(181) : 参见“fmod”的前一个定义
     1>c:\program files (x86)\microsoft visual studio 11.0\vc\include\xtgmath.h(99): warning C4273: “log”: dll 链接不一致
                 c:\mingw\include\math.h(171) : 参见“log”的前一个定义
     1>c:\program files (x86)\microsoft visual studio 11.0\vc\include\xtgmath.h(100): warning C4273: “log10”: dll 链接不一致
                 c:\mingw\include\math.h(172) : 参见“log10”的前一个定义
     1>c:\program files (x86)\microsoft visual studio 11.0\vc\include\xtgmath.h(103): warning C4273: “sin”: dll 链接不一致
                 c:\mingw\include\math.h(160) : 参见“sin”的前一个定义
     1>c:\program files (x86)\microsoft visual studio 11.0\vc\include\xtgmath.h(104): warning C4273: “sinh”: dll 链接不一致
                 c:\mingw\include\math.h(163) : 参见“sinh”的前一个定义
     1>c:\program files (x86)\microsoft visual studio 11.0\vc\include\xtgmath.h(105): warning C4273: “sqrt”: dll 链接不一致
                 c:\mingw\include\math.h(174) : 参见“sqrt”的前一个定义
     1>c:\program files (x86)\microsoft visual studio 11.0\vc\include\xtgmath.h(106): warning C4273: “tan”: dll 链接不一致
                 c:\mingw\include\math.h(162) : 参见“tan”的前一个定义
     1>c:\program files (x86)\microsoft visual studio 11.0\vc\include\xtgmath.h(107): warning C4273: “tanh”: dll 链接不一致
                 c:\mingw\include\math.h(165) : 参见“tanh”的前一个定义
     1>c:\program files (x86)\microsoft visual studio 11.0\vc\include\cmath(46): error C2039: “abs”: 不是“`global namespace'”的成员
     1>c:\program files (x86)\microsoft visual studio 11.0\vc\include\cmath(46): error C2873: “abs”: 符号不能用在 using 声明中
     1>c:\mingw\include\stdio.h(38): warning C4068: 未知的杂注
     1>c:\mingw\include\sys\types.h(34): warning C4068: 未知的杂注
     1>c:\mingw\include\stdio.h(260): error C2143: 语法错误 : 缺少“;”(在“*”的前面)
     1>c:\mingw\include\stdio.h(260): warning C4229: 使用了记时错误: 忽略数据上的修饰符
     1>c:\mingw\include\stdio.h(260): error C4430: 缺少类型说明符 - 假定为 int。注意: C++ 不支持默认 int
     1>c:\mingw\include\stdio.h(260): error C2377: “FILE”: 重定义；typedef 不能由任何其他符号重载
                 c:\mingw\include\stdio.h(220) : 参见“FILE”的声明
     1>c:\mingw\include\stdio.h(261): error C2143: 语法错误 : 缺少“;”(在“*”的前面)
     1>c:\mingw\include\stdio.h(261): warning C4229: 使用了记时错误: 忽略数据上的修饰符
     1>c:\mingw\include\stdio.h(261): error C4430: 缺少类型说明符 - 假定为 int。注意: C++ 不支持默认 int
     1>c:\mingw\include\stdio.h(261): error C2061: 语法错误: 标识符“FILE”
     1>c:\mingw\include\stdio.h(262): error C2062: 意外的类型“int”
     1>c:\mingw\include\stdio.h(263): error C2062: 意外的类型“int”
     1>c:\mingw\include\stdio.h(270): error C2062: 意外的类型“int”
     1>c:\mingw\include\stdio.h(271): error C2062: 意外的类型“int”
     1>c:\mingw\include\stdio.h(272): error C2143: 语法错误 : 缺少“;”(在“*”的前面)
     1>c:\mingw\include\stdio.h(272): warning C4229: 使用了记时错误: 忽略数据上的修饰符
     1>c:\mingw\include\stdio.h(272): error C4430: 缺少类型说明符 - 假定为 int。注意: C++ 不支持默认 int
     1>c:\mingw\include\stdio.h(273): error C2062: 意外的类型“char”
     1>c:\mingw\include\stdio.h(276): error C2062: 意外的类型“char”
     1>c:\mingw\include\stdio.h(277): error C2062: 意外的类型“int”
     1>c:\mingw\include\stdio.h(278): error C2062: 意外的类型“int”
     1>c:\mingw\include\stdio.h(289): error C2062: 意外的类型“char”
     1>c:\mingw\include\stdio.h(290): error C2062: 意外的类型“int”
     1>c:\mingw\include\stdio.h(291): error C2062: 意外的类型“int”
     1>c:\mingw\include\stdio.h(295): error C2062: 意外的类型“int”
     1>c:\mingw\include\stdio.h(296): error C2062: 意外的类型“void”
     1>c:\mingw\include\stdio.h(342): error C2059: 语法错误:“,”
     1>c:\mingw\include\stdio.h(346): error C2059: 语法错误:“,”
     1>c:\mingw\include\stdio.h(453): error C2062: 意外的类型“int”
     1>c:\mingw\include\stdio.h(454): error C2062: 意外的类型“int”
     1>c:\mingw\include\stdio.h(455): error C2062: 意外的类型“int”
     1>c:\mingw\include\stdio.h(456): error C2062: 意外的类型“int”
     1>c:\mingw\include\stdio.h(457): error C2062: 意外的类型“int”
     1>c:\mingw\include\stdio.h(458): error C2062: 意外的类型“int”
     1>c:\mingw\include\stdio.h(478): error C2059: 语法错误:“,”
     1>c:\mingw\include\stdio.h(478): fatal error C1003: 错误计数超过 100；正在停止编译
         正在生成代码...
     1>已完成生成项目“C:\Users\win10\Desktop\RSA\RSA\RSA\RSA.vcxproj”(Build 个目标)的操作 - 失败。

生成失败。

已用时间 00:00:01.15
